<?xml version="1.0" encoding="UTF-8"?>
<!-- Generated by org.testng.reporters.JUnitReportReporter -->
<testsuite hostname="DESKTOP-QVM6J4J" failures="0" tests="1" name="com.Test.Verify_login" time="9.914" errors="0" timestamp="2022-02-20T19:54:05 IST" skipped="0">
  <testcase classname="com.Test.Verify_login" name="verify_login_tc_001" time="9.914"/>
  <system-out/>
</testsuite> <!-- com.Test.Verify_login -->
